[13:46:33.969][INFO][CraftTweaker-EarlyInit]: CraftTweaker is running on a Minecraft 1.21.1 production client modded with platform NeoForge
[13:46:33.990][INFO][CraftTweaker-EarlyInit]: Successfully injected RecipeFS file system
[13:46:34.024][INFO][CraftTweaker-Plugins]: Successfully identified and loaded plugin mekanism:crt_plugin
[13:46:34.045][INFO][CraftTweaker-Plugins]: Successfully identified and loaded plugin crafttweaker:neoforge
[13:46:34.049][INFO][CraftTweaker-Plugins]: Successfully identified and loaded plugin crafttweaker:common
[13:46:34.077][INFO][CraftTweaker-Plugins]: Successfully identified and loaded plugin crafttweaker:compatibility
[13:46:34.080][INFO][CraftTweaker-Plugins]: Successfully identified and loaded plugin farmersdelight:crafttweaker_plugin
[13:46:36.001][INFO][CraftTweaker]: The following mods have explicit CraftTweaker support, provided through the CraftTweaker compatibility plugin:
[13:46:36.003][INFO][CraftTweaker]: - 'crafttweaker' version '21.0.34', supporting mods vanilla
[13:46:36.003][INFO][CraftTweaker]: - 'extendedcrafting' version '7.0.6'
[13:46:36.003][INFO][CraftTweaker]: - 'farmersdelight' version '1.2.9'
[13:46:36.003][INFO][CraftTweaker]: - 'mekanism' version '10.7.15'
[13:46:36.003][INFO][CraftTweaker]: - 'mysticalagriculture' version '8.0.19'
[13:46:36.003][INFO][CraftTweaker]: - 'pneumaticcraft' version '8.2.13'
[13:46:36.003][INFO][CraftTweaker]: - 'projecte' version '1.1.0'
[13:46:42.569][INFO][CraftTweaker-ZenCode]: Started loading scripts for loader 'mekanismcontent'
[13:46:42.768][INFO][CraftTweaker-ZenCode]: Compiling and executing scripts
[13:46:43.355][INFO][CraftTweaker-ZenCode]: Successfully initialized modules [mods, vanilla/api/network/NetworkContext, vanilla/api/network/NetworkReceiver, crafttweaker, expansions]
[13:46:43.429][INFO][CraftTweaker-ZenCode]: Execution for loader 'mekanismcontent' completed successfully
[13:46:43.429][INFO][Mekanism]: Registering 0 custom chemicals.
[13:46:46.600][INFO][CraftTweaker-ZenCode]: Started loading scripts for loader 'initialize'
[13:46:46.630][INFO][CraftTweaker-ZenCode]: Compiling and executing scripts
[13:46:46.631][INFO][CraftTweaker-ZenCode]: Successfully initialized modules [crafttweaker, expansions]
[13:46:46.644][INFO][CraftTweaker-ZenCode]: Execution for loader 'initialize' completed successfully
[13:47:32.966][INFO][CraftTweaker-ZenCode]: Started loading scripts for loader 'tags'
[13:47:32.977][INFO][CraftTweaker-ZenCode]: Compiling and executing scripts
[13:47:32.980][INFO][CraftTweaker-ZenCode]: Successfully initialized modules [crafttweaker, expansions]
[13:47:32.985][INFO][CraftTweaker-ZenCode]: Execution for loader 'tags' completed successfully
[13:47:35.300][INFO][CraftTweaker]: CraftTweaker reload starting!
[13:47:35.310][INFO][CraftTweaker-ZenCode]: Started loading scripts for loader 'crafttweaker'
[13:47:35.322][INFO][CraftTweaker-ZenCode]: Compiling and executing scripts
[13:47:35.390][INFO][CraftTweaker-ZenCode]: Successfully initialized modules [mods, vanilla/api/network/NetworkContext, vanilla/api/network/NetworkReceiver, crafttweaker, expansions]
[13:47:35.396][INFO][CraftTweaker-ZenCode]: Execution for loader 'crafttweaker' completed successfully
[13:47:35.397][INFO][CraftTweaker]: CraftTweaker reload complete!
